<?xml version="1.0" encoding="UTF-8"?>
<testsuite name="com.example.main.MainApplicationTests" tests="1" skipped="0" failures="0" errors="0" timestamp="2023-07-06T08:21:43" hostname="DESKTOP-HVCOD12" time="0.854">
  <properties/>
  <testcase name="contextLoads()" classname="com.example.main.MainApplicationTests" time="0.854"/>
  <system-out><![CDATA[17:21:41.233 [Test worker] INFO org.springframework.test.context.support.AnnotationConfigContextLoaderUtils -- Could not detect default configuration classes for test class [com.example.main.MainApplicationTests]: MainApplicationTests does not declare any static, non-private, non-final, nested classes annotated with @Configuration.
17:21:41.338 [Test worker] INFO org.springframework.boot.test.context.SpringBootTestContextBootstrapper -- Found @SpringBootConfiguration com.example.main.MainApplication for test class com.example.main.MainApplicationTests

  .   ____          _            __ _ _
 /\\ / ___'_ __ _ _(_)_ __  __ _ \ \ \ \
( ( )\___ | '_ | '_| | '_ \/ _` | \ \ \ \
 \\/  ___)| |_)| | | | | || (_| |  ) ) ) )
  '  |____| .__|_| |_|_| |_\__, | / / / /
 =========|_|==============|___/=/_/_/_/
 :: Spring Boot ::                (v3.1.1)

2023-07-06T17:21:41.804+09:00  INFO 12996 --- [    Test worker] com.example.main.MainApplicationTests    : Starting MainApplicationTests using Java 19.0.2 with PID 12996 (started by vip in C:\06.07T\main)
2023-07-06T17:21:41.806+09:00  INFO 12996 --- [    Test worker] com.example.main.MainApplicationTests    : No active profile set, falling back to 1 default profile: "default"
2023-07-06T17:21:42.632+09:00  INFO 12996 --- [    Test worker] trationDelegate$BeanPostProcessorChecker : Bean 'org.springframework.ws.config.annotation.DelegatingWsConfiguration' of type [org.springframework.ws.config.annotation.DelegatingWsConfiguration$$SpringCGLIB$$0] is not eligible for getting processed by all BeanPostProcessors (for example: not eligible for auto-proxying)
2023-07-06T17:21:42.671+09:00  INFO 12996 --- [    Test worker] .w.s.a.s.AnnotationActionEndpointMapping : Supporting [WS-Addressing August 2004, WS-Addressing 1.0]
2023-07-06T17:21:43.037+09:00  INFO 12996 --- [    Test worker] o.s.b.a.w.s.WelcomePageHandlerMapping    : Adding welcome page template: index
2023-07-06T17:21:43.245+09:00  INFO 12996 --- [    Test worker] com.example.main.MainApplicationTests    : Started MainApplicationTests in 1.711 seconds (process running for 3.059)
]]></system-out>
  <system-err><![CDATA[]]></system-err>
</testsuite>
